\BOOKMARK [1][-]{section.1}{Exercise 1.1}{}% 1
\BOOKMARK [1][-]{section.2}{Exercise 1.2}{}% 2
\BOOKMARK [1][-]{section.3}{Exercise 1.3}{}% 3
\BOOKMARK [1][-]{section.4}{Exercise 1.4}{}% 4
\BOOKMARK [1][-]{section.5}{Exercise 1.5}{}% 5
\BOOKMARK [1][-]{section.6}{Exercise 2.1}{}% 6
\BOOKMARK [1][-]{section.7}{Exercise 2.2}{}% 7
\BOOKMARK [1][-]{section.8}{Exercise 2.3}{}% 8
\BOOKMARK [1][-]{section.9}{Exercise 3.1}{}% 9
\BOOKMARK [1][-]{section.10}{Exercise 3.2}{}% 10
\BOOKMARK [1][-]{section.11}{Exercise 3.3}{}% 11
\BOOKMARK [2][-]{subsection.11.1}{Top five}{section.11}% 12
\BOOKMARK [2][-]{subsection.11.2}{Active title}{section.11}% 13
\BOOKMARK [2][-]{subsection.11.3}{Top 3 female ratings}{section.11}% 14
\BOOKMARK [2][-]{subsection.11.4}{Top 3 male ratings}{section.11}% 15
\BOOKMARK [2][-]{subsection.11.5}{Top 10 female difference}{section.11}% 16
\BOOKMARK [2][-]{subsection.11.6}{Top 10 male difference}{section.11}% 17
\BOOKMARK [2][-]{subsection.11.7}{Top 5 standard deviation}{section.11}% 18
\BOOKMARK [1][-]{section.12}{Exercise 3.4}{}% 19
\BOOKMARK [1][-]{section.13}{Exercise 3.5}{}% 20
\BOOKMARK [1][-]{section.14}{Exercise 4.1}{}% 21
